<?xml version="1.0" encoding="UTF-8"?>
<!-- Generated by org.testng.reporters.JUnitReportReporter -->
<testsuite skipped="0" hostname="DESKTOP-NLUCBKR" name="com.TestNG.TestNG" tests="1" failures="0" timestamp="2020-05-06T18:17:28 EDT" time="7.756" errors="0">
  <testcase name="gettrip" time="7.756" classname="com.TestNG.TestNG"/>
  <system-out/>
</testsuite> <!-- com.TestNG.TestNG -->
